<?xml version="1.0" encoding="UTF-8"?>
<!-- Generated by org.testng.reporters.JUnitReportReporter -->
<testsuite hostname="TTNPL-6655" failures="0" tests="1" name="com.mystore.testcases.TC_MyAccountPageTest" time="4.754" errors="0" timestamp="2025-09-25T20:11:16 IST" skipped="0">
  <testcase classname="com.mystore.testcases.TC_MyAccountPageTest" name="VerifyLogin" time="4.754"/>
</testsuite> <!-- com.mystore.testcases.TC_MyAccountPageTest -->
